<?xml version="1.0" encoding="UTF-8"?>
<testsuite xmlns:xsi="http://www.w3.org/2001/XMLSchema-instance" xsi:noNamespaceSchemaLocation="https://maven.apache.org/surefire/maven-surefire-plugin/xsd/surefire-test-report-3.0.xsd" version="3.0" name="com.genesys.weatherapp.WeatherappApplicationTests" time="4.737" tests="1" errors="0" skipped="0" failures="0">
  <properties>
[...]
</properties>
  <testcase name="contextLoads" classname="com.genesys.weatherapp.WeatherappApplicationTests" time="0.016">
    <system-out><![CDATA[22:17:30.100 [main] INFO org.springframework.test.context.support.AnnotationConfigContextLoaderUtils -- Could not detect default configuration classes for test class [com.genesys.weatherapp.WeatherappApplicationTests]: WeatherappApplicationTests does not declare any static, non-private, non-final, nested classes annotated with @Configuration.
22:17:30.210 [main] INFO org.springframework.boot.test.context.SpringBootTestContextBootstrapper -- Found @SpringBootConfiguration com.genesys.weatherapp.WeatherappApplication for test class com.genesys.weatherapp.WeatherappApplicationTests

  .   ____          _            __ _ _
 /\\ / ___'_ __ _ _(_)_ __  __ _ \ \ \ \
( ( )\___ | '_ | '_| | '_ \/ _` | \ \ \ \
 \\/  ___)| |_)| | | | | || (_| |  ) ) ) )
  '  |____| .__|_| |_|_| |_\__, | / / / /
 =========|_|==============|___/=/_/_/_/
 :: Spring Boot ::                (v3.1.3)

2023-08-29T22:17:30.595+02:00  INFO 14676 --- [           main] c.g.w.WeatherappApplicationTests         : Starting WeatherappApplicationTests using Java 17.0.3.1 with PID 14676 (started by aelhichami in C:\Projets\weatherapp_gen)
2023-08-29T22:17:30.597+02:00  INFO 14676 --- [           main] c.g.w.WeatherappApplicationTests         : No active profile set, falling back to 1 default profile: "default"
2023-08-29T22:17:31.295+02:00  INFO 14676 --- [           main] .s.d.r.c.RepositoryConfigurationDelegate : Bootstrapping Spring Data JPA repositories in DEFAULT mode.
2023-08-29T22:17:31.365+02:00  INFO 14676 --- [           main] .s.d.r.c.RepositoryConfigurationDelegate : Finished Spring Data repository scanning in 62 ms. Found 2 JPA repository interfaces.
2023-08-29T22:17:31.902+02:00  INFO 14676 --- [           main] o.f.c.internal.license.VersionPrinter    : Flyway Community Edition 9.16.3 by Redgate
2023-08-29T22:17:31.903+02:00  INFO 14676 --- [           main] o.f.c.internal.license.VersionPrinter    : See release notes here: https://rd.gt/416ObMi
2023-08-29T22:17:31.903+02:00  INFO 14676 --- [           main] o.f.c.internal.license.VersionPrinter    : 
2023-08-29T22:17:32.128+02:00  INFO 14676 --- [           main] o.f.c.i.database.base.BaseDatabaseType   : Database: jdbc:postgresql://localhost:5432/weather_db (PostgreSQL 15.3)
2023-08-29T22:17:32.175+02:00  INFO 14676 --- [           main] o.f.core.internal.command.DbValidate     : Successfully validated 2 migrations (execution time 00:00.025s)
2023-08-29T22:17:32.228+02:00  INFO 14676 --- [           main] o.f.core.internal.command.DbMigrate      : Current version of schema "weather_db": 1
2023-08-29T22:17:32.229+02:00  INFO 14676 --- [           main] o.f.core.internal.command.DbMigrate      : Schema "weather_db" is up to date. No migration necessary.
2023-08-29T22:17:32.303+02:00  INFO 14676 --- [           main] com.zaxxer.hikari.HikariDataSource       : HikariPool-1 - Starting...
2023-08-29T22:17:32.335+02:00  INFO 14676 --- [           main] com.zaxxer.hikari.pool.HikariPool        : HikariPool-1 - Added connection org.postgresql.jdbc.PgConnection@343d1d25
2023-08-29T22:17:32.339+02:00  INFO 14676 --- [           main] com.zaxxer.hikari.HikariDataSource       : HikariPool-1 - Start completed.
2023-08-29T22:17:32.383+02:00  INFO 14676 --- [           main] o.hibernate.jpa.internal.util.LogHelper  : HHH000204: Processing PersistenceUnitInfo [name: default]
2023-08-29T22:17:32.482+02:00  INFO 14676 --- [           main] org.hibernate.Version                    : HHH000412: Hibernate ORM core version 6.2.7.Final
2023-08-29T22:17:32.486+02:00  INFO 14676 --- [           main] org.hibernate.cfg.Environment            : HHH000406: Using bytecode reflection optimizer
2023-08-29T22:17:32.673+02:00  INFO 14676 --- [           main] o.h.b.i.BytecodeProviderInitiator        : HHH000021: Bytecode provider name : bytebuddy
2023-08-29T22:17:32.682+02:00  INFO 14676 --- [           main] o.s.o.j.p.SpringPersistenceUnitInfo      : No LoadTimeWeaver setup: ignoring JPA class transformer
2023-08-29T22:17:32.981+02:00  INFO 14676 --- [           main] o.h.b.i.BytecodeProviderInitiator        : HHH000021: Bytecode provider name : bytebuddy
2023-08-29T22:17:33.470+02:00  INFO 14676 --- [           main] o.h.e.t.j.p.i.JtaPlatformInitiator       : HHH000490: Using JtaPlatform implementation: [org.hibernate.engine.transaction.jta.platform.internal.NoJtaPlatform]
2023-08-29T22:17:33.473+02:00  INFO 14676 --- [           main] j.LocalContainerEntityManagerFactoryBean : Initialized JPA EntityManagerFactory for persistence unit 'default'
2023-08-29T22:17:33.981+02:00  WARN 14676 --- [           main] JpaBaseConfiguration$JpaWebConfiguration : spring.jpa.open-in-view is enabled by default. Therefore, database queries may be performed during view rendering. Explicitly configure spring.jpa.open-in-view to disable this warning
2023-08-29T22:17:34.619+02:00  INFO 14676 --- [           main] c.g.w.WeatherappApplicationTests         : Started WeatherappApplicationTests in 4.261 seconds (process running for 6.295)
]]></system-out>
  </testcase>
</testsuite>